# JRE version: Java(TM) SE Runtime Environment (17.0.8+9) (build 17.0.8+9-LTS-211)
# Java VM: Java HotSpot(TM) 64-Bit Server VM (17.0.8+9-LTS-211, mixed mode, sharing, tiered, compressed oops, compressed class ptrs, g1 gc, windows-amd64)
GC Precious Log:
 CPUs: 4 total, 4 available
 Memory: 7987M
 Large Page Support: Disabled
 NUMA Support: Disabled
 Compressed Oops: Enabled (32-bit)
 Heap Region Size: 1M
 Heap Min Capacity: 8M
 Heap Initial Capacity: 126M
 Heap Max Capacity: 1998M
 Pre-touch: Disabled
 Parallel Workers: 4
 Concurrent Workers: 1
 Concurrent Refinement Workers: 4
 Periodic GC: Disabled
Heap:
 garbage-first heap   total 45056K, used 18785K [0x0000000083200000, 0x0000000100000000)
  region size 1024K, 8 young (8192K), 1 survivors (1024K)
 Metaspace       used 27148K, committed 27392K, reserved 1114112K
  class space    used 3281K, committed 3392K, reserved 1048576K
GC Heap History (16 events):
Event: 1.048 GC heap before
{Heap before GC invocations=0 (full 0):
 garbage-first heap   total 129024K, used 16384K [0x0000000083200000, 0x0000000100000000)
  region size 1024K, 13 young (13312K), 0 survivors (0K)
 Metaspace       used 5515K, committed 5696K, reserved 1114112K
  class space    used 621K, committed 704K, reserved 1048576K
}
Event: 1.051 GC heap after
{Heap after GC invocations=1 (full 0):
 garbage-first heap   total 129024K, used 5220K [0x0000000083200000, 0x0000000100000000)
  region size 1024K, 2 young (2048K), 2 survivors (2048K)
 Metaspace       used 5515K, committed 5696K, reserved 1114112K
  class space    used 621K, committed 704K, reserved 1048576K
}
Event: 1.740 GC heap before
{Heap before GC invocations=1 (full 0):
 garbage-first heap   total 129024K, used 22628K [0x0000000083200000, 0x0000000100000000)
  region size 1024K, 19 young (19456K), 2 survivors (2048K)
 Metaspace       used 11271K, committed 11520K, reserved 1114112K
  class space    used 1282K, committed 1408K, reserved 1048576K
}
Event: 1.745 GC heap after
{Heap after GC invocations=2 (full 0):
 garbage-first heap   total 129024K, used 8553K [0x0000000083200000, 0x0000000100000000)
  region size 1024K, 3 young (3072K), 3 survivors (3072K)
 Metaspace       used 11271K, committed 11520K, reserved 1114112K
  class space    used 1282K, committed 1408K, reserved 1048576K
}
Event: 2.782 GC heap before
{Heap before GC invocations=2 (full 0):
 garbage-first heap   total 129024K, used 37225K [0x0000000083200000, 0x0000000100000000)
  region size 1024K, 32 young (32768K), 3 survivors (3072K)
 Metaspace       used 21308K, committed 21504K, reserved 1114112K
  class space    used 2582K, committed 2688K, reserved 1048576K
}
Event: 2.788 GC heap after
{Heap after GC invocations=3 (full 0):
 garbage-first heap   total 129024K, used 11459K [0x0000000083200000, 0x0000000100000000)
  region size 1024K, 6 young (6144K), 6 survivors (6144K)
 Metaspace       used 21308K, committed 21504K, reserved 1114112K
  class space    used 2582K, committed 2688K, reserved 1048576K
}
Event: 37.770 GC heap before
{Heap before GC invocations=4 (full 0):
 garbage-first heap   total 45056K, used 31939K [0x0000000083200000, 0x0000000100000000)
  region size 1024K, 26 young (26624K), 6 survivors (6144K)
 Metaspace       used 26482K, committed 26816K, reserved 1114112K
  class space    used 3232K, committed 3392K, reserved 1048576K
}
Event: 37.777 GC heap after
{Heap after GC invocations=5 (full 0):
 garbage-first heap   total 45056K, used 13260K [0x0000000083200000, 0x0000000100000000)
  region size 1024K, 2 young (2048K), 2 survivors (2048K)
 Metaspace       used 26482K, committed 26816K, reserved 1114112K
  class space    used 3232K, committed 3392K, reserved 1048576K
}
Event: 61.237 GC heap before
{Heap before GC invocations=5 (full 0):
 garbage-first heap   total 45056K, used 14284K [0x0000000083200000, 0x0000000100000000)
  region size 1024K, 3 young (3072K), 2 survivors (2048K)
 Metaspace       used 26605K, committed 26880K, reserved 1114112K
  class space    used 3240K, committed 3392K, reserved 1048576K
}
Event: 61.240 GC heap after
{Heap after GC invocations=6 (full 0):
 garbage-first heap   total 45056K, used 13598K [0x0000000083200000, 0x0000000100000000)
  region size 1024K, 1 young (1024K), 1 survivors (1024K)
 Metaspace       used 26605K, committed 26880K, reserved 1114112K
  class space    used 3240K, committed 3392K, reserved 1048576K
}
Event: 269.356 GC heap before
{Heap before GC invocations=6 (full 0):
 garbage-first heap   total 45056K, used 31006K [0x0000000083200000, 0x0000000100000000)
  region size 1024K, 19 young (19456K), 1 survivors (1024K)
 Metaspace       used 26963K, committed 27264K, reserved 1114112K
  class space    used 3272K, committed 3392K, reserved 1048576K
}
Event: 269.391 GC heap after
{Heap after GC invocations=7 (full 0):
 garbage-first heap   total 45056K, used 13509K [0x0000000083200000, 0x0000000100000000)
  region size 1024K, 1 young (1024K), 1 survivors (1024K)
 Metaspace       used 26963K, committed 27264K, reserved 1114112K
  class space    used 3272K, committed 3392K, reserved 1048576K
}
Event: 288.377 GC heap before
{Heap before GC invocations=7 (full 0):
 garbage-first heap   total 45056K, used 31941K [0x0000000083200000, 0x0000000100000000)
  region size 1024K, 20 young (20480K), 1 survivors (1024K)
 Metaspace       used 26998K, committed 27328K, reserved 1114112K
  class space    used 3273K, committed 3392K, reserved 1048576K
}
Event: 288.383 GC heap after
{Heap after GC invocations=8 (full 0):
 garbage-first heap   total 45056K, used 13683K [0x0000000083200000, 0x0000000100000000)
  region size 1024K, 1 young (1024K), 1 survivors (1024K)
 Metaspace       used 26998K, committed 27328K, reserved 1114112K
  class space    used 3273K, committed 3392K, reserved 1048576K
}
Event: 373.907 GC heap before
{Heap before GC invocations=8 (full 0):
 garbage-first heap   total 45056K, used 33139K [0x0000000083200000, 0x0000000100000000)
  region size 1024K, 21 young (21504K), 1 survivors (1024K)
 Metaspace       used 27049K, committed 27328K, reserved 1114112K
  class space    used 3273K, committed 3392K, reserved 1048576K
}
Event: 373.958 GC heap after
{Heap after GC invocations=9 (full 0):
 garbage-first heap   total 45056K, used 13665K [0x0000000083200000, 0x0000000100000000)
  region size 1024K, 1 young (1024K), 1 survivors (1024K)
 Metaspace       used 27049K, committed 27328K, reserved 1114112K
  class space    used 3273K, committed 3392K, reserved 1048576K
}

